<?xml version="1.0" encoding="utf-8"?><testsuites name="pytest tests"><testsuite name="pytest" errors="0" failures="1" skipped="0" tests="21" time="10.393" timestamp="2026-06-18T00:01:22.519675+00:00" hostname="agent-env-1178b0ea-746d-48a5-b816-182c9822ad58"><testcase classname="backend.tests.test_backend.TestHealth" name="test_root_health" time="0.300" /><testcase classname="backend.tests.test_backend.TestAuth" name="test_register_user_role" time="0.326"><failure message="AssertionError: assert 'test_user_a1...5@example.com' == 'TEST_user_a1...5@example.com'&#10;  &#10;  - TEST_user_a1d652e5@example.com&#10;  ? ^^^^&#10;  + test_user_a1d652e5@example.com&#10;  ? ^^^^">backend/tests/test_backend.py:33: in test_register_user_role
    assert data["email"] == email
E   AssertionError: assert 'test_user_a1...5@example.com' == 'TEST_user_a1...5@example.com'
E     
E     - TEST_user_a1d652e5@example.com
E     ? ^^^^
E     + test_user_a1d652e5@example.com
E     ? ^^^^</failure></testcase><testcase classname="backend.tests.test_backend.TestAuth" name="test_register_artist_role" time="0.333" /><testcase classname="backend.tests.test_backend.TestAuth" name="test_register_duplicate_email" time="0.101" /><testcase classname="backend.tests.test_backend.TestAuth" name="test_login_demo_user" time="0.320" /><testcase classname="backend.tests.test_backend.TestAuth" name="test_login_wrong_password_turkish" time="0.318" /><testcase classname="backend.tests.test_backend.TestAuth" name="test_me_with_bearer" time="0.461" /><testcase classname="backend.tests.test_backend.TestAuth" name="test_me_without_token" time="0.099" /><testcase classname="backend.tests.test_backend.TestAuth" name="test_logout_clears_cookies" time="0.378" /><testcase classname="backend.tests.test_backend.TestArtists" name="test_list_artists_returns_six" time="0.131" /><testcase classname="backend.tests.test_backend.TestArtists" name="test_get_artist_detail" time="0.627" /><testcase classname="backend.tests.test_backend.TestFeed" name="test_feed_anon" time="0.274" /><testcase classname="backend.tests.test_backend.TestFeed" name="test_feed_authenticated" time="0.564" /><testcase classname="backend.tests.test_backend.TestTattoos" name="test_user_cannot_upload" time="0.385" /><testcase classname="backend.tests.test_backend.TestTattoos" name="test_artist_can_upload" time="0.537" /><testcase classname="backend.tests.test_backend.TestTattoos" name="test_like_toggle_and_count" time="0.862" /><testcase classname="backend.tests.test_backend.TestTattoos" name="test_save_toggle_and_moodboard" time="0.836" /><testcase classname="backend.tests.test_backend.TestFollow" name="test_toggle_follow_and_list" time="0.603" /><testcase classname="backend.tests.test_backend.TestCommentsRating" name="test_comment_and_rating" time="0.723" /><testcase classname="backend.tests.test_backend.TestDNA" name="test_dna_neutral_for_new_user" time="0.541" /><testcase classname="backend.tests.test_backend.TestDNA" name="test_dna_reflects_preferences" time="1.581" /></testsuite></testsuites>