<?xml version="1.0" encoding="utf-8"?><testsuites name="pytest tests"><testsuite name="pytest" errors="0" failures="0" skipped="0" tests="32" time="18.605" timestamp="2026-06-18T00:30:24.171446+00:00" hostname="agent-env-1178b0ea-746d-48a5-b816-182c9822ad58"><testcase classname="backend.tests.test_backend_v2.TestLocations" name="test_locations_structure" time="0.151" /><testcase classname="backend.tests.test_backend_v2.TestFeedV2" name="test_feed_q_location_regex" time="0.518" /><testcase classname="backend.tests.test_backend_v2.TestFeedV2" name="test_feed_exclude_following" time="0.973" /><testcase classname="backend.tests.test_backend_v2.TestFollowingFeed" name="test_following_feed_empty_for_new_user" time="0.436" /><testcase classname="backend.tests.test_backend_v2.TestFollowingFeed" name="test_following_feed_returns_tattoos" time="0.676" /><testcase classname="backend.tests.test_backend_v2.TestVerifyAndReviews" name="test_full_review_flow" time="1.453" /><testcase classname="backend.tests.test_backend_v2.TestMessages" name="test_send_get_conversations" time="0.893" /><testcase classname="backend.tests.test_backend_v2.TestUserProfileV2" name="test_update_profile_new_fields" time="0.473" /><testcase classname="backend.tests.test_backend_v2.TestUserProfileV2" name="test_change_password_wrong_current" time="0.604" /><testcase classname="backend.tests.test_backend_v2.TestUserProfileV2" name="test_change_password_roundtrip" time="1.528" /><testcase classname="backend.tests.test_backend_v2.TestVerifyClientErrors" name="test_verify_nonexistent_email" time="0.374" /><testcase classname="backend.tests.test_backend.TestHealth" name="test_root_health" time="0.098" /><testcase classname="backend.tests.test_backend.TestAuth" name="test_register_user_role" time="0.325" /><testcase classname="backend.tests.test_backend.TestAuth" name="test_register_artist_role" time="0.328" /><testcase classname="backend.tests.test_backend.TestAuth" name="test_register_duplicate_email" time="0.098" /><testcase classname="backend.tests.test_backend.TestAuth" name="test_login_demo_user" time="0.324" /><testcase classname="backend.tests.test_backend.TestAuth" name="test_login_wrong_password_turkish" time="0.320" /><testcase classname="backend.tests.test_backend.TestAuth" name="test_me_with_bearer" time="0.438" /><testcase classname="backend.tests.test_backend.TestAuth" name="test_me_without_token" time="0.126" /><testcase classname="backend.tests.test_backend.TestAuth" name="test_logout_clears_cookies" time="0.394" /><testcase classname="backend.tests.test_backend.TestArtists" name="test_list_artists_returns_six" time="0.126" /><testcase classname="backend.tests.test_backend.TestArtists" name="test_get_artist_detail" time="0.597" /><testcase classname="backend.tests.test_backend.TestFeed" name="test_feed_anon" time="0.327" /><testcase classname="backend.tests.test_backend.TestFeed" name="test_feed_authenticated" time="0.547" /><testcase classname="backend.tests.test_backend.TestTattoos" name="test_user_cannot_upload" time="0.374" /><testcase classname="backend.tests.test_backend.TestTattoos" name="test_artist_can_upload" time="0.423" /><testcase classname="backend.tests.test_backend.TestTattoos" name="test_like_toggle_and_count" time="0.715" /><testcase classname="backend.tests.test_backend.TestTattoos" name="test_save_toggle_and_moodboard" time="0.847" /><testcase classname="backend.tests.test_backend.TestFollow" name="test_toggle_follow_and_list" time="0.635" /><testcase classname="backend.tests.test_backend.TestCommentsRating" name="test_comment_and_rating" time="0.777" /><testcase classname="backend.tests.test_backend.TestDNA" name="test_dna_neutral_for_new_user" time="0.541" /><testcase classname="backend.tests.test_backend.TestDNA" name="test_dna_reflects_preferences" time="2.085" /></testsuite></testsuites>