<?xml version="1.0" encoding="utf-8"?><testsuites name="pytest tests"><testsuite name="pytest" errors="0" failures="1" skipped="0" tests="32" time="18.110" timestamp="2026-06-18T00:53:24.083183+00:00" hostname="agent-env-1178b0ea-746d-48a5-b816-182c9822ad58"><testcase classname="backend.tests.test_backend.TestHealth" name="test_root_health" time="0.335"><failure message="AssertionError: assert 'TatScope' == 'TattooMatch'&#10;  &#10;  - TattooMatch&#10;  + TatScope">backend/tests/test_backend.py:21: in test_root_health
    assert data.get("name") == "TattooMatch"
E   AssertionError: assert 'TatScope' == 'TattooMatch'
E     
E     - TattooMatch
E     + TatScope</failure></testcase><testcase classname="backend.tests.test_backend.TestAuth" name="test_register_user_role" time="0.338" /><testcase classname="backend.tests.test_backend.TestAuth" name="test_register_artist_role" time="0.336" /><testcase classname="backend.tests.test_backend.TestAuth" name="test_register_duplicate_email" time="0.101" /><testcase classname="backend.tests.test_backend.TestAuth" name="test_login_demo_user" time="0.343" /><testcase classname="backend.tests.test_backend.TestAuth" name="test_login_wrong_password_turkish" time="0.320" /><testcase classname="backend.tests.test_backend.TestAuth" name="test_me_with_bearer" time="0.486" /><testcase classname="backend.tests.test_backend.TestAuth" name="test_me_without_token" time="0.089" /><testcase classname="backend.tests.test_backend.TestAuth" name="test_logout_clears_cookies" time="0.404" /><testcase classname="backend.tests.test_backend.TestArtists" name="test_list_artists_returns_six" time="0.146" /><testcase classname="backend.tests.test_backend.TestArtists" name="test_get_artist_detail" time="0.564" /><testcase classname="backend.tests.test_backend.TestFeed" name="test_feed_anon" time="0.318" /><testcase classname="backend.tests.test_backend.TestFeed" name="test_feed_authenticated" time="0.562" /><testcase classname="backend.tests.test_backend.TestTattoos" name="test_user_cannot_upload" time="0.372" /><testcase classname="backend.tests.test_backend.TestTattoos" name="test_artist_can_upload" time="0.461" /><testcase classname="backend.tests.test_backend.TestTattoos" name="test_like_toggle_and_count" time="0.756" /><testcase classname="backend.tests.test_backend.TestTattoos" name="test_save_toggle_and_moodboard" time="0.841" /><testcase classname="backend.tests.test_backend.TestFollow" name="test_toggle_follow_and_list" time="0.569" /><testcase classname="backend.tests.test_backend.TestCommentsRating" name="test_comment_and_rating" time="0.719" /><testcase classname="backend.tests.test_backend.TestDNA" name="test_dna_neutral_for_new_user" time="0.515" /><testcase classname="backend.tests.test_backend.TestDNA" name="test_dna_reflects_preferences" time="1.465" /><testcase classname="backend.tests.test_backend_v2.TestLocations" name="test_locations_structure" time="0.099" /><testcase classname="backend.tests.test_backend_v2.TestFeedV2" name="test_feed_q_location_regex" time="0.504" /><testcase classname="backend.tests.test_backend_v2.TestFeedV2" name="test_feed_exclude_following" time="0.937" /><testcase classname="backend.tests.test_backend_v2.TestFollowingFeed" name="test_following_feed_empty_for_new_user" time="0.423" /><testcase classname="backend.tests.test_backend_v2.TestFollowingFeed" name="test_following_feed_returns_tattoos" time="0.696" /><testcase classname="backend.tests.test_backend_v2.TestVerifyAndReviews" name="test_full_review_flow" time="1.490" /><testcase classname="backend.tests.test_backend_v2.TestMessages" name="test_send_get_conversations" time="0.930" /><testcase classname="backend.tests.test_backend_v2.TestUserProfileV2" name="test_update_profile_new_fields" time="0.419" /><testcase classname="backend.tests.test_backend_v2.TestUserProfileV2" name="test_change_password_wrong_current" time="0.626" /><testcase classname="backend.tests.test_backend_v2.TestUserProfileV2" name="test_change_password_roundtrip" time="1.498" /><testcase classname="backend.tests.test_backend_v2.TestVerifyClientErrors" name="test_verify_nonexistent_email" time="0.391" /></testsuite></testsuites>